<?xml version="1.0" encoding="UTF-8"?>
<!-- Generated by org.testng.reporters.JUnitReportReporter -->
<testsuite hostname="DESKTOP-03DOST7" failures="0" tests="1" name="mainScript.DriverScript" time="15.019" errors="0" timestamp="12 Dec 2020 07:46:12 GMT" skipped="0">
  <testcase classname="mainScript.DriverScript" name="startTest" time="15.019"/>
</testsuite> <!-- mainScript.DriverScript -->
