<?xml version="1.0" encoding="UTF-8"?>
<!-- Generated by org.testng.reporters.JUnitReportReporter -->
<testsuite hostname="Cherry" name="pages.HOmePage" tests="1" failures="0" timestamp="5 Dec 2020 08:32:25 GMT" time="0.003" errors="0">
  <testcase name="launchApp" time="0.003" classname="pages.HOmePage"/>
</testsuite> <!-- pages.HOmePage -->
